[2015-11-20 21:25:35] START
[2015-11-20 21:27:09] EDIT music/views/layout.html: 34
[2015-11-20 21:28:35] EDIT music/views/layout.html: 0
[2015-11-20 21:29:11] EDIT music/views/layout.html: -91
[2015-11-20 21:29:28] EDIT music/views/layout.html: 0
[2015-11-20 21:30:02] EDIT music/views/layout.html: 0
[2015-11-20 21:30:28] EDIT music/views/layout.html: -1
[2015-11-20 21:30:51] EDIT music/views/layout.html: -1
[2015-11-20 21:33:13] EDIT music/views/layout.html: 0
[2015-11-20 21:33:28] EDIT music/views/layout.html: 0
[2015-11-20 21:33:38] EDIT music/views/layout.html: 0
[2015-11-20 21:34:24] EDIT music/views/layout.html: 4
[2015-11-20 21:34:33] EDIT music/views/layout.html: -4
[2015-11-20 21:34:52] EDIT music/views/layout.html: 93
[2015-11-20 21:35:12] EDIT music/views/layout.html: -93
[2015-11-20 21:36:39] EDIT music/views/layout.html: 0
[2015-11-20 21:37:03] EDIT music/views/layout.html: 4
[2015-11-20 21:37:39] EDIT music/controllers/default.py: 5
[2015-11-20 21:37:51] EDIT music/views/default/index.html: -48
[2015-11-20 21:38:04] EDIT music/views/default/index.html: 48
[2015-11-20 21:39:26] EDIT music/views/default/index.html: -48
[2015-11-20 21:41:17] EDIT music/views/layout.html: 0
[2015-11-20 21:42:33] EDIT music/views/layout.html: 0
[2015-11-20 21:44:45] EDIT music/views/layout.html: 5
[2015-11-20 21:45:14] EDIT music/views/layout.html: -5
[2015-11-20 21:45:58] EDIT music/controllers/default.py: 0
[2015-11-20 21:46:00] EDIT music/views/layout.html: 0
[2015-11-20 21:46:54] EDIT music/views/layout.html: -2
[2015-11-20 21:47:01] EDIT music/views/layout.html: 0
[2015-11-20 21:48:09] CREATE orilayout.html: 0
[2015-11-20 21:50:04] EDIT music/views/layout.html: 12
[2015-11-20 21:50:10] EDIT music/views/layout.html: 0
[2015-11-20 21:50:39] EDIT music/views/layout.html: -9
[2015-11-20 21:51:14] EDIT music/views/layout.html: -10
[2015-11-20 21:51:21] EDIT music/views/layout.html: 7
[2015-11-20 21:51:24] EDIT music/views/layout.html: -4
[2015-11-20 21:53:40] EDIT music/static/template/assets/css/main.css: 1
[2015-11-20 21:53:49] EDIT music/static/template/assets/css/main.css: 0
[2015-11-20 21:54:02] EDIT music/static/template/assets/css/main.css: 0
[2015-11-20 21:54:17] EDIT music/static/template/assets/css/main.css: -1
[2015-11-20 21:54:42] EDIT music/static/template/assets/css/main.css: 0
[2015-11-20 21:54:48] EDIT music/static/template/assets/css/main.css: 0
[2015-11-20 21:56:19] EDIT music/static/template/assets/css/main.css: 0
[2015-11-20 21:57:49] EDIT music/views/layout.html: 4
[2015-11-20 21:58:17] EDIT music/views/layout.html: 0
[2015-11-20 22:02:28] EDIT music/views/layout.html: 1
[2015-11-20 22:02:46] CREATE searchbox.css: 0
[2015-11-20 22:02:50] EDIT music/views/searchbox.css: 88
[2015-11-20 22:04:11] EDIT music/views/layout.html: 0
[2015-11-20 22:04:59] EDIT music/views/layout.html: -1
[2015-11-20 22:05:02] EDIT music/views/layout.html: 0
[2015-11-20 22:07:30] EDIT music/static/template/assets/css/main.css: 0
[2015-11-20 22:07:56] CREATE header.html: 0
[2015-11-20 22:08:02] EDIT music/views/header.html: 19
[2015-11-20 22:08:25] EDIT music/views/layout.html: -18
[2015-11-20 22:08:40] CREATE navbar.html: 0
[2015-11-20 22:08:51] EDIT music/views/navbar.html: 16
[2015-11-20 22:09:01] EDIT music/views/layout.html: -20
[2015-11-20 22:09:05] CREATE footer.html: 0
[2015-11-20 22:09:19] EDIT music/views/layout.html: -22
[2015-11-20 22:09:21] EDIT music/views/footer.html: 19
[2015-11-20 22:09:26] EDIT music/views/layout.html: 0
[2015-11-20 22:09:46] EDIT music/views/navbar.html: 0
[2015-11-20 22:10:28] EDIT music/views/layout.html: 0
[2015-11-20 22:15:23] EDIT music/views/layout.html: 0
[2015-11-20 22:20:56] EDIT music/views/header.html: 0
[2015-11-20 22:21:14] EDIT music/views/header.html: 0
[2015-11-20 22:21:55] EDIT music/views/header.html: 0
[2015-11-20 22:24:13] EDIT music/views/searchbox.css: 0
[2015-11-20 22:25:20] EDIT music/views/navbar.html: 6
[2015-11-20 22:26:34] EDIT music/static/template/assets/css/searchbox.css: -2
[2015-11-20 22:26:41] EDIT music/static/template/assets/css/searchbox.css: -5
[2015-11-20 22:27:01] EDIT music/static/template/assets/css/searchbox.css: -8
[2015-11-20 22:27:20] EDIT music/static/template/assets/css/searchbox.css: 6
[2015-11-20 22:27:35] EDIT music/static/template/assets/css/searchbox.css: -2
[2015-11-20 22:28:30] EDIT music/static/template/assets/css/searchbox.css: 4
[2015-11-20 22:28:42] EDIT music/static/template/assets/css/searchbox.css: -4
[2015-11-20 22:28:55] EDIT music/static/template/assets/css/searchbox.css: 5
[2015-11-20 22:29:08] EDIT music/static/template/assets/css/searchbox.css: -5
[2015-11-20 22:29:24] EDIT music/static/template/assets/css/searchbox.css: 0
[2015-11-20 22:29:33] EDIT music/static/template/assets/css/searchbox.css: 0
[2015-11-20 22:29:44] EDIT music/static/template/assets/css/searchbox.css: 0
[2015-11-20 22:29:57] EDIT music/static/template/assets/css/searchbox.css: -10
[2015-11-20 22:30:27] EDIT music/static/template/assets/css/searchbox.css: 10
[2015-11-20 22:31:04] EDIT music/static/template/assets/css/searchbox.css: 9
[2015-11-20 22:31:18] EDIT music/static/template/assets/css/searchbox.css: -4
[2015-11-20 22:31:28] EDIT music/static/template/assets/css/searchbox.css: -5
[2015-11-20 22:32:22] EDIT music/static/template/assets/css/searchbox.css: -4
[2015-11-20 22:32:34] EDIT music/static/template/assets/css/searchbox.css: 3
[2015-11-20 22:33:15] EDIT music/static/template/assets/css/searchbox.css: 0
[2015-11-20 22:33:23] EDIT music/static/template/assets/css/searchbox.css: 0
[2015-11-20 22:33:31] EDIT music/static/template/assets/css/searchbox.css: 0
[2015-11-20 22:33:44] EDIT music/static/template/assets/css/searchbox.css: 0
[2015-11-20 22:34:24] EDIT music/views/footer.html: 0
[2015-11-20 22:35:09] EDIT music/views/navbar.html: -2
[2015-11-20 22:35:55] EDIT music/views/header.html: 0
[2015-11-20 22:39:29] EDIT music/static/template/assets/css/searchbox.css: 0
[2015-11-20 22:39:41] EDIT music/static/template/assets/css/searchbox.css: -11
[2015-11-20 22:39:51] EDIT music/static/template/assets/css/searchbox.css: 11
[2015-11-20 22:40:02] EDIT music/static/template/assets/css/searchbox.css: -11
[2015-11-20 22:42:48] EDIT music/views/navbar.html: 0
[2015-11-20 22:43:15] EDIT music/views/navbar.html: 0
[2015-11-20 22:43:48] EDIT music/static/template/assets/css/searchbox.css: 11
[2015-11-20 22:44:14] EDIT music/static/template/assets/css/searchbox.css: -1
[2015-11-20 22:44:29] EDIT music/static/template/assets/css/searchbox.css: 1
[2015-11-20 22:44:38] EDIT music/static/template/assets/css/searchbox.css: 0
[2015-11-20 22:44:51] EDIT music/static/template/assets/css/searchbox.css: 0
[2015-11-20 22:45:07] EDIT music/static/template/assets/css/searchbox.css: 0
[2015-11-20 22:45:43] EDIT music/static/template/assets/css/searchbox.css: -1
[2015-11-20 22:46:00] EDIT music/static/template/assets/css/searchbox.css: 0
[2015-11-20 22:46:01] EDIT music/static/template/assets/css/searchbox.css: 0
[2015-11-20 22:46:20] EDIT music/static/template/assets/css/searchbox.css: 1
[2015-11-20 22:46:33] EDIT music/static/template/assets/css/searchbox.css: 0
[2015-11-20 22:46:38] EDIT music/static/template/assets/css/searchbox.css: 0
[2015-11-20 22:47:51] EDIT music/static/template/assets/css/searchbox.css: 0
[2015-11-20 22:48:13] EDIT music/static/template/assets/css/searchbox.css: -2
[2015-11-20 22:48:39] EDIT music/static/template/assets/css/searchbox.css: 1
[2015-11-20 22:49:00] EDIT music/static/template/assets/css/searchbox.css: -1
[2015-11-20 22:50:22] EDIT music/static/template/assets/css/searchbox.css: 1
[2015-11-20 22:50:43] EDIT music/static/template/assets/css/searchbox.css: -4
[2015-11-20 22:52:41] EDIT music/static/template/assets/css/searchbox.css: 4
[2015-11-20 22:53:23] EDIT music/static/template/assets/css/searchbox.css: 0
[2015-11-20 22:53:37] EDIT music/static/template/assets/css/searchbox.css: -2
[2015-11-20 22:54:07] EDIT music/static/template/assets/css/searchbox.css: 3
[2015-11-20 22:54:40] EDIT music/static/template/assets/css/searchbox.css: 0
[2015-11-20 22:55:22] EDIT music/static/template/assets/css/searchbox.css: 0
[2015-11-20 22:55:33] EDIT music/static/template/assets/css/searchbox.css: 0
[2015-11-20 22:55:40] EDIT music/static/template/assets/css/searchbox.css: 0
[2015-11-20 22:55:46] EDIT music/static/template/assets/css/searchbox.css: 0
[2015-11-20 22:55:53] EDIT music/static/template/assets/css/searchbox.css: 0
[2015-11-20 22:56:02] EDIT music/static/template/assets/css/searchbox.css: 0
[2015-11-20 22:56:10] EDIT music/static/template/assets/css/searchbox.css: 0
[2015-11-20 22:56:15] EDIT music/static/template/assets/css/searchbox.css: 0
[2015-11-20 22:56:22] EDIT music/static/template/assets/css/searchbox.css: 0
[2015-11-20 22:56:26] EDIT music/static/template/assets/css/searchbox.css: -1
[2015-11-20 22:57:30] EDIT music/static/template/assets/css/searchbox.css: 0
[2015-11-20 22:57:57] EDIT music/static/template/assets/css/searchbox.css: -7
[2015-11-20 22:58:15] EDIT music/static/template/assets/css/searchbox.css: -1
[2015-11-20 22:58:41] EDIT music/static/template/assets/css/searchbox.css: 8
[2015-11-20 22:59:01] EDIT music/static/template/assets/css/searchbox.css: 0
[2015-11-20 22:59:09] EDIT music/static/template/assets/css/searchbox.css: 0
[2015-11-20 22:59:22] EDIT music/static/template/assets/css/searchbox.css: 0
[2015-11-20 22:59:30] EDIT music/static/template/assets/css/searchbox.css: 0
[2015-11-20 22:59:57] EDIT music/static/template/assets/css/searchbox.css: 0
[2015-11-20 23:00:02] EDIT music/static/template/assets/css/searchbox.css: 0
[2015-11-20 23:00:11] EDIT music/static/template/assets/css/searchbox.css: 0
[2015-11-20 23:00:30] EDIT music/static/template/assets/css/searchbox.css: 0
[2015-11-20 23:00:49] EDIT music/static/template/assets/css/searchbox.css: 0
[2015-11-20 23:00:56] EDIT music/static/template/assets/css/searchbox.css: 0
[2015-11-20 23:01:03] EDIT music/static/template/assets/css/searchbox.css: 0
[2015-11-20 23:01:09] EDIT music/static/template/assets/css/searchbox.css: 0
[2015-11-20 23:01:23] EDIT music/static/template/assets/css/searchbox.css: 0
[2015-11-20 23:02:03] EDIT music/static/template/assets/css/searchbox.css: 1
[2015-11-20 23:02:11] EDIT music/static/template/assets/css/searchbox.css: 0
[2015-11-20 23:02:19] EDIT music/static/template/assets/css/searchbox.css: -1
[2015-11-20 23:02:23] EDIT music/static/template/assets/css/searchbox.css: 0
[2015-11-20 23:02:28] EDIT music/static/template/assets/css/searchbox.css: 0
[2015-11-20 23:03:46] EDIT music/views/navbar.html: 0
[2015-11-20 23:04:30] EDIT music/views/navbar.html: -1
[2015-11-20 23:05:04] EDIT music/static/template/assets/css/searchbox.css: 0
[2015-11-20 23:05:11] EDIT music/static/template/assets/css/searchbox.css: 0
[2015-11-20 23:05:13] EDIT music/static/template/assets/css/searchbox.css: 0
[2015-11-20 23:05:43] EDIT music/static/template/assets/css/searchbox.css: 0
[2015-11-20 23:05:57] EDIT music/static/template/assets/css/searchbox.css: 0
[2015-11-20 23:06:13] EDIT music/static/template/assets/css/searchbox.css: 1
[2015-11-20 23:06:21] EDIT music/static/template/assets/css/searchbox.css: -1
[2015-11-20 23:06:28] EDIT music/static/template/assets/css/searchbox.css: 0
[2015-11-20 23:06:35] EDIT music/static/template/assets/css/searchbox.css: 0
[2015-11-20 23:06:44] EDIT music/static/template/assets/css/searchbox.css: -36
[2015-11-20 23:07:00] EDIT music/static/template/assets/css/searchbox.css: -20
[2015-11-20 23:07:19] EDIT music/static/template/assets/css/searchbox.css: 1
[2015-11-20 23:07:27] EDIT music/static/template/assets/css/searchbox.css: 0
[2015-11-20 23:07:34] EDIT music/static/template/assets/css/searchbox.css: -1
[2015-11-20 23:07:56] EDIT music/static/template/assets/css/searchbox.css: 0
[2015-11-20 23:08:36] EDIT music/static/template/assets/css/searchbox.css: 0
[2015-11-20 23:08:49] EDIT music/static/template/assets/css/searchbox.css: 0
[2015-11-20 23:09:04] EDIT music/static/template/assets/css/searchbox.css: 0
[2015-11-20 23:09:16] EDIT music/static/template/assets/css/searchbox.css: 0
[2015-11-20 23:09:36] EDIT music/static/template/assets/css/searchbox.css: 0
[2015-11-20 23:09:50] EDIT music/static/template/assets/css/searchbox.css: -9
[2015-11-20 23:09:57] EDIT music/static/template/assets/css/searchbox.css: 9
[2015-11-20 23:10:34] EDIT music/static/template/assets/css/searchbox.css: 0
[2015-11-20 23:10:44] EDIT music/static/template/assets/css/searchbox.css: 0
[2015-11-20 23:10:54] EDIT music/static/template/assets/css/searchbox.css: 0
[2015-11-20 23:12:06] EDIT music/static/template/assets/css/searchbox.css: 6
[2015-11-20 23:12:29] EDIT music/static/template/assets/css/searchbox.css: -1
[2015-11-20 23:12:39] EDIT music/static/template/assets/css/searchbox.css: -3
[2015-11-20 23:12:41] EDIT music/static/template/assets/css/searchbox.css: -1
[2015-11-20 23:12:54] EDIT music/static/template/assets/css/searchbox.css: 0
[2015-11-20 23:13:45] EDIT music/static/template/assets/css/searchbox.css: 17
[2015-11-20 23:13:54] EDIT music/static/template/assets/css/searchbox.css: -5
[2015-11-20 23:14:04] EDIT music/static/template/assets/css/searchbox.css: -1
[2015-11-20 23:14:35] EDIT music/static/template/assets/css/searchbox.css: 0
[2015-11-20 23:14:45] EDIT music/static/template/assets/css/searchbox.css: -1
[2015-11-20 23:14:59] EDIT music/static/template/assets/css/searchbox.css: 0
[2015-11-20 23:15:13] EDIT music/static/template/assets/css/searchbox.css: -4
[2015-11-20 23:15:24] EDIT music/static/template/assets/css/searchbox.css: -6
[2015-11-20 23:15:54] EDIT music/static/template/assets/css/searchbox.css: 1
[2015-11-20 23:16:01] EDIT music/static/template/assets/css/searchbox.css: 0
[2015-11-20 23:17:37] EDIT music/static/template/assets/css/searchbox.css: 20
[2015-11-20 23:17:46] EDIT music/static/template/assets/css/searchbox.css: 0
[2015-11-20 23:18:04] EDIT music/static/template/assets/css/searchbox.css: 0
[2015-11-20 23:18:26] EDIT music/static/template/assets/css/searchbox.css: 0
[2015-11-20 23:19:31] EDIT music/static/template/assets/css/searchbox.css: 0
[2015-11-20 23:19:56] EDIT music/static/template/assets/css/searchbox.css: -16
[2015-11-20 23:20:23] EDIT music/views/navbar.html: 0
[2015-11-20 23:20:26] EDIT music/views/navbar.html: 0
[2015-11-20 23:21:08] EDIT music/views/navbar.html: 0
[2015-11-20 23:21:22] EDIT music/views/navbar.html: 0
[2015-11-20 23:21:36] EDIT music/static/template/assets/css/searchbox.css: 0
[2015-11-20 23:21:39] EDIT music/static/template/assets/css/searchbox.css: -4
[2015-11-20 23:21:47] EDIT music/static/template/assets/css/searchbox.css: 4
[2015-11-20 23:22:13] EDIT music/static/template/assets/css/searchbox.css: 0
[2015-11-20 23:22:17] EDIT music/static/template/assets/css/searchbox.css: 0
[2015-11-20 23:26:52] EDIT music/views/navbar.html: 1
[2015-11-20 23:26:58] EDIT music/views/navbar.html: 0
[2015-11-20 23:27:14] EDIT music/views/navbar.html: 0
[2015-11-20 23:27:29] EDIT music/views/navbar.html: -1
[2015-11-20 23:27:45] EDIT music/views/navbar.html: 1
[2015-11-20 23:27:55] EDIT music/views/navbar.html: -1
[2015-11-20 23:27:59] EDIT music/views/navbar.html: 0
[2015-11-20 23:33:06] EDIT music/views/navbar.html: 0
[2015-11-20 23:34:52] EDIT music/views/navbar.html: 0
[2015-11-20 23:38:38] EDIT music/views/navbar.html: 0
[2015-11-20 23:39:42] EDIT music/views/navbar.html: 0
[2015-11-20 23:39:44] EDIT music/views/navbar.html: 0
[2015-11-20 23:42:28] EDIT music/views/navbar.html: 0
[2015-11-21 00:01:24] EDIT music/controllers/default.py: 0
[2015-11-21 00:01:57] EDIT music/views/footer.html: 0
[2015-11-21 00:02:42] EDIT music/views/footer.html: -14
[2015-11-21 00:03:27] EDIT music/views/footer.html: 0
[2015-11-21 00:08:43] EDIT music/views/footer.html: 0
[2015-11-21 00:13:16] EDIT music/views/navbar.html: 0
[2015-11-21 00:30:52] EDIT music/views/header.html: 0
[2015-11-21 00:31:01] EDIT music/views/header.html: 0
[2015-11-21 00:34:30] EDIT music/views/header.html: 0
[2015-11-21 00:35:49] EDIT music/views/header.html: 0
[2015-11-21 00:36:03] EDIT music/views/header.html: 0
[2015-11-21 00:46:39] EDIT music/views/navbar.html: 2
[2015-11-21 00:47:04] EDIT music/views/navbar.html: -2
[2015-11-21 00:49:06] CREATE slider.css: 0
[2015-11-21 00:50:17] EDIT music/views/slider.css: 145
[2015-11-21 00:52:13] EDIT music/views/header.html: 3
[2015-11-21 00:54:53] EDIT music/static/template/assets/css/slider.css: -12
[2015-11-21 00:55:13] EDIT music/static/template/assets/css/slider.css: 0
[2015-11-21 00:55:46] EDIT music/static/template/assets/css/slider.css: -1
[2015-11-21 00:56:24] EDIT music/static/template/assets/css/slider.css: -1
[2015-11-21 00:56:52] EDIT music/views/header.html: 0
[2015-11-21 00:57:25] EDIT music/static/template/assets/css/slider.css: -9
[2015-11-21 00:58:45] EDIT music/views/header.html: 8
[2015-11-21 00:59:45] EDIT music/views/header.html: -5
[2015-11-21 01:00:05] EDIT music/views/header.html: 4
[2015-11-21 01:00:14] EDIT music/views/header.html: -2
[2015-11-21 01:00:29] EDIT music/views/header.html: -4
[2015-11-21 01:00:53] EDIT music/views/header.html: 1
[2015-11-21 01:01:16] EDIT music/static/template/assets/css/slider.css: 0
[2015-11-21 01:01:31] EDIT music/static/template/assets/css/slider.css: -20
[2015-11-21 01:01:56] EDIT music/views/header.html: 0
[2015-11-21 01:02:25] EDIT music/views/header.html: 8
[2015-11-21 01:02:27] EDIT music/views/header.html: 0
[2015-11-21 01:02:51] EDIT music/static/template/assets/css/slider.css: -43
[2015-11-21 01:02:58] EDIT music/static/template/assets/css/slider.css: 17
[2015-11-21 01:03:19] EDIT music/static/template/assets/css/slider.css: -10
[2015-11-21 01:04:08] EDIT music/static/template/assets/css/slider.css: 1
[2015-11-21 01:04:21] EDIT music/static/template/assets/css/slider.css: 1
[2015-11-21 01:04:42] EDIT music/static/template/assets/css/slider.css: 0
[2015-11-21 01:04:51] EDIT music/static/template/assets/css/slider.css: 0
[2015-11-21 01:05:11] EDIT music/static/template/assets/css/slider.css: 0
[2015-11-21 01:05:27] EDIT music/static/template/assets/css/slider.css: 1
[2015-11-21 01:06:01] EDIT music/views/header.html: -13
[2015-11-21 01:06:06] EDIT music/views/layout.html: 0
[2015-11-21 01:13:56] EDIT music/views/layout.html: 0
[2015-11-21 02:01:33] EDIT music/views/header.html: 1
[2015-11-21 02:02:10] EDIT music/views/header.html: -1
[2015-11-21 02:02:34] EDIT music/views/navbar.html: 4
[2015-11-21 02:03:13] EDIT music/views/navbar.html: 1
[2015-11-21 02:03:20] EDIT music/views/navbar.html: -1
[2015-11-21 02:03:26] EDIT music/views/navbar.html: -4
[2015-11-21 02:07:09] CREATE default/albums.html: 0
[2015-11-21 02:07:58] EDIT music/views/default/albums.html: -2
[2015-11-21 02:08:16] EDIT music/controllers/default.py: 0
[2015-11-21 02:08:36] EDIT music/views/default/albums.html: 0
[2015-11-21 02:09:20] EDIT music/views/navbar.html: 6
[2015-11-21 02:09:26] EDIT music/views/header.html: -6
[2015-11-21 02:09:59] CREATE banner.html: 0
[2015-11-21 02:10:04] EDIT music/views/navbar.html: -10
[2015-11-21 02:10:07] EDIT music/views/banner.html: 7
[2015-11-21 02:10:26] EDIT music/views/layout.html: 1
[2015-11-21 02:10:52] EDIT music/views/default/albums.html: 1
[2015-11-21 02:11:33] EDIT music/views/layout.html: -8
[2015-11-21 02:11:39] CREATE scripts.html: 0
[2015-11-21 02:11:42] EDIT music/views/scripts.html: 5
[2015-11-21 02:11:51] EDIT music/views/layout.html: 1
[2015-11-21 02:12:02] EDIT music/views/default/albums.html: 1
[2015-11-21 02:13:20] EDIT music/views/layout.html: 7
[2015-11-21 02:13:24] EDIT music/views/default/albums.html: -1
[2015-11-21 02:14:33] CREATE albums.html: 0
[2015-11-21 02:14:52] EDIT music/views/albums.html: 7
[2015-11-21 02:15:05] EDIT music/views/default/albums.html: -1
[2015-11-21 02:15:50] EDIT music/views/albums.html: 0
[2015-11-21 02:16:03] EDIT music/views/default/albums.html: 0
[2015-11-21 02:16:06] EDIT music/views/albums.html: 0
[2015-11-21 02:18:15] EDIT music/views/albums.html: 1
[2015-11-21 02:18:23] EDIT music/views/albums.html: -1
[2015-11-21 02:19:13] EDIT music/views/albums.html: 6
[2015-11-21 02:19:30] EDIT music/views/albums.html: -4
[2015-11-21 02:20:11] EDIT music/views/albums.html: 0
[2015-11-21 02:20:16] EDIT music/views/albums.html: 0
[2015-11-21 02:20:19] EDIT music/views/albums.html: 0
[2015-11-21 02:28:07] EDIT music/views/navbar.html: 10
[2015-11-21 02:28:18] EDIT music/views/layout.html: -1
[2015-11-21 02:32:34] CREATE albumsheader.html: 0
[2015-11-21 02:33:14] EDIT music/views/albums.html: 137
[2015-11-21 02:33:18] EDIT music/views/albumsheader.html: 73
[2015-11-21 02:33:42] EDIT music/views/albumsheader.html: 0
[2015-11-21 02:34:17] EDIT music/views/albumsheader.html: 0
[2015-11-21 02:35:08] EDIT music/views/albumsheader.html: -8
[2015-11-21 02:37:05] EDIT music/views/albumsheader.html: -3
[2015-11-21 02:38:26] EDIT music/views/albumsheader.html: 0
[2015-11-21 02:38:44] EDIT music/views/albumsheader.html: 0
[2015-11-21 02:39:00] EDIT music/views/albumsheader.html: -1
[2015-11-21 02:39:28] EDIT music/views/albumsheader.html: 0
[2015-11-21 02:39:53] EDIT music/views/albumsheader.html: 0
[2015-11-21 02:40:08] EDIT music/views/albumsheader.html: 0
[2015-11-21 02:40:18] EDIT music/views/albumsheader.html: 0
[2015-11-21 02:47:36] EDIT music/views/albumsheader.html: 0
[2015-11-21 02:51:06] EDIT music/views/albumsheader.html: -1
[2015-11-21 02:52:31] EDIT music/views/albumsheader.html: 0
[2015-11-21 02:52:49] EDIT music/views/albumsheader.html: 0
[2015-11-21 02:52:59] EDIT music/views/albumsheader.html: 0
[2015-11-21 02:56:06] EDIT music/views/albumsheader.html: 0
[2015-11-21 02:56:12] EDIT music/views/albumsheader.html: 0
[2015-11-21 02:56:14] EDIT music/views/albumsheader.html: 0
[2015-11-21 02:57:08] EDIT music/views/albumsheader.html: 2
[2015-11-21 02:57:16] EDIT music/views/albumsheader.html: 0
[2015-11-21 02:57:17] EDIT music/views/albums.html: -148
[2015-11-21 02:58:04] EDIT music/views/albumsheader.html: -1
[2015-11-21 02:58:15] EDIT music/views/albumsheader.html: 1
[2015-11-21 03:00:43] EDIT music/views/albumsheader.html: 0
[2015-11-21 03:01:10] EDIT music/views/albumsheader.html: 0
[2015-11-21 03:01:51] EDIT music/views/albumsheader.html: 0
[2015-11-21 03:02:09] EDIT music/views/albumsheader.html: 0
[2015-11-21 03:23:27] EDIT music/views/albumsheader.html: 12
[2015-11-21 03:39:39] EDIT music/views/albumsheader.html: 2
[2015-11-21 03:39:57] EDIT music/views/albumsheader.html: 0
[2015-11-21 03:40:24] EDIT music/views/albumsheader.html: 0
[2015-11-21 03:41:04] EDIT music/views/albumsheader.html: -2
[2015-11-21 03:41:22] EDIT music/views/albumsheader.html: 0
[2015-11-21 03:41:27] EDIT music/views/albumsheader.html: 0
[2015-11-21 03:41:51] EDIT music/views/albumsheader.html: 0
[2015-11-21 03:41:59] EDIT music/views/albumsheader.html: 0
[2015-11-21 03:42:07] EDIT music/views/albumsheader.html: 0
[2015-11-21 03:42:58] EDIT music/views/albumsheader.html: 0
[2015-11-21 03:43:17] EDIT music/views/albumsheader.html: 0
[2015-11-21 03:43:23] EDIT music/views/albumsheader.html: 0
[2015-11-21 03:48:44] EDIT music/views/albumsheader.html: 0
[2015-11-21 13:24:01] EDIT music/views/albumsheader.html: -52
[2015-11-21 13:26:12] EDIT music/views/albumsheader.html: 1
[2015-11-21 13:31:49] EDIT music/views/albumsheader.html: 1
[2015-11-21 13:32:15] CREATE albumscover.html: 0
[2015-11-21 13:32:19] EDIT music/views/albumscover.html: 35
[2015-11-21 13:32:30] EDIT music/views/albums.html: 1
[2015-11-21 13:33:24] EDIT music/views/albumscover.html: -14
[2015-11-21 13:34:38] EDIT music/views/albumscover.html: -11
[2015-11-21 13:34:49] EDIT music/views/albumscover.html: 2
[2015-11-21 13:35:16] EDIT music/views/albumscover.html: 0
[2015-11-21 13:36:44] EDIT music/views/albumsheader.html: 2
[2015-11-21 13:36:51] EDIT music/views/albums.html: -1
[2015-11-21 13:55:19] EDIT music/views/albumsheader.html: 3
[2015-11-21 13:59:14] EDIT music/views/albumsheader.html: 61
[2015-11-21 14:00:25] EDIT music/views/albumsheader.html: 5
[2015-11-21 14:00:55] EDIT music/views/albumsheader.html: -67
[2015-11-21 14:47:00] EDIT music/views/albumsheader.html: -2
[2015-11-21 14:47:58] EDIT music/views/albumsheader.html: 2
[2015-11-21 14:48:03] EDIT music/views/albumsheader.html: -2
[2015-11-21 14:48:36] EDIT music/views/albumsheader.html: -3
[2015-11-21 14:50:13] EDIT music/views/albumsheader.html: 2
[2015-11-21 14:50:47] EDIT music/views/albumsheader.html: -1
[2015-11-21 14:51:05] EDIT music/views/albumsheader.html: 0
[2015-11-21 15:09:35] EDIT music/controllers/default.py: 0
[2015-11-21 15:13:27] EDIT music/views/layout.html: -1
[2015-11-21 15:13:40] EDIT music/views/layout.html: 1
[2015-11-21 15:32:10] EDIT music/views/albumscover.html: -13
[2015-11-21 15:34:02] EDIT music/views/albumscover.html: 29
[2015-11-21 15:34:12] EDIT music/views/albums.html: 1
[2015-11-21 15:34:21] EDIT music/views/albumsheader.html: -1
[2015-11-21 15:34:24] EDIT music/views/albumscover.html: 1
[2015-11-21 15:34:47] EDIT music/views/albumscover.html: -3
[2015-11-21 16:40:38] EDIT music/controllers/default.py: 12
[2015-11-21 16:41:05] EDIT music/controllers/default.py: 1
[2015-11-21 16:44:46] EDIT music/views/albumscover.html: -15
[2015-11-21 16:45:10] EDIT music/views/albumscover.html: 1
[2015-11-21 16:48:48] EDIT music/views/albumscover.html: 2
[2015-11-21 16:49:27] EDIT music/views/albumscover.html: -3
[2015-11-21 16:59:22] EDIT music/controllers/default.py: 18
[2015-11-21 16:59:42] EDIT music/views/albumscover.html: 0
[2015-11-21 16:59:50] EDIT music/views/albumscover.html: 0
[2015-11-21 17:01:16] EDIT music/views/albumscover.html: 0
[2015-11-21 17:05:04] EDIT music/controllers/default.py: 0
[2015-11-21 17:07:10] EDIT music/views/albumscover.html: 1
[2015-11-21 17:08:29] EDIT music/views/albumscover.html: 0
[2015-11-21 17:08:34] EDIT music/views/albumscover.html: 0
[2015-11-21 17:08:46] EDIT music/views/albumscover.html: 0
[2015-11-21 17:09:30] EDIT music/controllers/default.py: 0
[2015-11-21 17:10:09] EDIT music/views/albumscover.html: 0
[2015-11-21 17:10:17] EDIT music/views/albumscover.html: 0
[2015-11-21 17:12:58] EDIT music/views/albumscover.html: 0
[2015-11-21 17:13:32] EDIT music/views/albumscover.html: 0
[2015-11-21 17:14:03] EDIT music/controllers/default.py: 24
[2015-11-21 17:15:32] EDIT music/views/albumscover.html: 1
[2015-11-21 17:15:40] EDIT music/views/albumscover.html: -1
[2015-11-21 17:16:20] EDIT music/views/albumscover.html: 0
[2015-11-21 17:16:57] EDIT music/views/albumscover.html: 0
[2015-11-21 17:20:26] EDIT music/views/albumscover.html: 0
[2015-11-21 17:20:33] EDIT music/views/albumscover.html: 0
[2015-11-21 17:22:55] EDIT music/views/albumscover.html: 0
[2015-11-21 17:23:02] EDIT music/views/albumscover.html: 0
[2015-11-21 17:26:50] EDIT music/views/albumscover.html: 0
[2015-11-21 17:27:16] EDIT music/views/albumscover.html: 0
[2015-11-21 17:28:32] EDIT music/views/albumscover.html: 0
[2015-11-21 17:29:15] EDIT music/views/albumscover.html: 0
[2015-11-21 17:30:12] EDIT music/views/albumscover.html: 0
[2015-11-21 17:30:46] EDIT music/views/albumscover.html: 0
[2015-11-21 17:31:48] EDIT music/views/albumscover.html: 0
[2015-11-21 17:32:07] EDIT music/views/albumscover.html: 0
[2015-11-21 17:32:37] EDIT music/views/albumscover.html: 1
[2015-11-21 17:32:39] EDIT music/views/albumscover.html: -1
[2015-11-21 17:32:50] EDIT music/views/albumscover.html: 0
[2015-11-21 17:33:17] EDIT music/views/albumscover.html: 0
[2015-11-21 17:33:17] EDIT music/views/albumscover.html: 0
[2015-11-21 17:34:19] EDIT music/views/albumscover.html: 0
[2015-11-21 17:34:39] EDIT music/views/albumscover.html: 0
[2015-11-21 17:34:52] EDIT music/views/albumscover.html: 0
[2015-11-21 17:35:01] EDIT music/views/albumscover.html: 0
[2015-11-21 17:39:28] EDIT music/views/albumscover.html: 17
[2015-11-21 17:39:42] EDIT music/views/albumscover.html: 0
[2015-11-21 17:40:09] EDIT music/views/albumscover.html: 0
[2015-11-21 17:40:29] EDIT music/views/albumscover.html: 0
[2015-11-21 17:40:34] EDIT music/views/albumscover.html: -1
[2015-11-21 17:41:10] EDIT music/views/albumscover.html: 0
[2015-11-21 17:41:26] EDIT music/views/albumscover.html: -2
[2015-11-21 17:41:48] EDIT music/views/albumscover.html: 0
[2015-11-21 17:41:56] EDIT music/views/albumscover.html: 0
[2015-11-21 17:42:05] EDIT music/views/albumscover.html: 0
[2015-11-21 18:20:01] EDIT music/views/albumscover.html: -15
[2015-11-21 18:20:16] EDIT music/views/albumscover.html: -11
[2015-11-21 18:20:26] EDIT music/views/albumscover.html: 4
[2015-11-21 18:20:36] EDIT music/views/albumscover.html: 0
[2015-11-21 18:20:44] EDIT music/views/albumscover.html: 0
[2015-11-21 18:20:56] EDIT music/views/albumscover.html: 0
[2015-11-21 18:22:06] EDIT music/views/albumscover.html: -2
[2015-11-21 18:22:12] EDIT music/views/albumscover.html: 0
[2015-11-21 18:22:19] EDIT music/views/albumscover.html: 0
[2015-11-21 18:22:36] EDIT music/views/albumscover.html: 0
[2015-11-21 18:22:38] EDIT music/views/albumscover.html: 0
[2015-11-21 18:22:45] EDIT music/views/albumscover.html: 0
[2015-11-21 18:23:02] EDIT music/views/albumscover.html: 0
[2015-11-21 18:33:12] EDIT music/views/albumscover.html: 9
[2015-11-21 18:33:48] EDIT music/views/albumscover.html: 0
[2015-11-21 18:33:50] EDIT music/views/albumscover.html: 0
[2015-11-21 18:36:03] EDIT music/views/albumscover.html: 0
[2015-11-21 18:36:15] EDIT music/views/albumscover.html: 0
[2015-11-21 18:37:34] EDIT music/views/albumscover.html: 0
[2015-11-21 18:37:49] EDIT music/views/albumscover.html: 0
[2015-11-21 18:38:02] EDIT music/views/albumscover.html: 0
[2015-11-21 18:38:23] EDIT music/views/albumscover.html: 0
[2015-11-21 18:38:37] EDIT music/views/albumscover.html: 0
[2015-11-21 18:39:09] EDIT music/views/albumscover.html: 0
[2015-11-21 18:39:23] EDIT music/views/albumscover.html: 0
[2015-11-21 18:40:04] EDIT music/views/albumscover.html: 0
[2015-11-21 18:40:39] EDIT music/views/albumscover.html: 0
[2015-11-21 18:41:03] EDIT music/views/albumscover.html: 0
[2015-11-21 18:41:40] EDIT music/views/albumscover.html: 0
[2015-11-21 18:41:54] EDIT music/views/albumscover.html: 0
[2015-11-21 18:42:05] EDIT music/views/albumscover.html: 0
[2015-11-21 18:43:14] EDIT music/views/albumscover.html: 0
[2015-11-21 18:43:41] EDIT music/views/albumscover.html: 0
[2015-11-21 18:44:32] EDIT music/views/albumscover.html: 0
[2015-11-21 18:44:46] EDIT music/views/albumscover.html: 0
[2015-11-21 18:45:08] EDIT music/views/albumscover.html: 0
[2015-11-21 18:45:22] EDIT music/views/albumscover.html: 0
[2015-11-21 18:45:49] EDIT music/views/albumscover.html: 0
[2015-11-21 18:46:02] EDIT music/views/albumscover.html: 0
[2015-11-21 18:46:05] EDIT music/views/albumscover.html: 0
[2015-11-21 18:46:23] EDIT music/views/albumscover.html: 0
[2015-11-21 18:46:41] EDIT music/views/albumscover.html: 0
[2015-11-21 18:47:03] EDIT music/views/albumscover.html: 0
[2015-11-21 18:47:13] EDIT music/views/albumscover.html: 0
[2015-11-21 18:47:21] EDIT music/views/albumscover.html: 0
[2015-11-21 18:48:04] EDIT music/views/albumscover.html: 0
[2015-11-21 18:48:11] EDIT music/views/albumscover.html: 0
[2015-11-21 18:49:20] EDIT music/controllers/default.py: -5
[2015-11-21 18:49:23] EDIT music/controllers/default.py: 0
[2015-11-21 18:50:51] EDIT music/views/albumscover.html: 0
[2015-11-21 18:51:19] EDIT music/views/albumscover.html: 0
[2015-11-21 18:51:45] EDIT music/views/albumscover.html: 0
[2015-11-21 18:52:11] EDIT music/views/albumscover.html: 0
[2015-11-21 18:52:26] EDIT music/views/albumscover.html: 0
[2015-11-21 18:55:14] EDIT music/views/albumscover.html: 0
[2015-11-21 18:55:47] EDIT music/views/albumscover.html: 0
[2015-11-21 19:02:10] EDIT music/views/albumscover.html: 1
[2015-11-21 19:03:07] EDIT music/views/albumscover.html: 0
[2015-11-21 19:03:21] EDIT music/views/albumscover.html: 0
[2015-11-21 19:03:57] EDIT music/views/albumscover.html: 0
[2015-11-21 19:04:43] EDIT music/views/albumscover.html: 0
[2015-11-21 19:05:35] EDIT music/views/albumscover.html: 0
[2015-11-21 19:06:40] EDIT music/views/albumscover.html: 0
[2015-11-21 19:07:31] EDIT music/views/albumscover.html: 0
[2015-11-21 19:07:36] EDIT music/views/albumscover.html: 0
[2015-11-21 19:08:17] EDIT music/views/albumscover.html: 0
[2015-11-21 19:09:23] EDIT music/views/albumscover.html: 0
[2015-11-21 19:09:37] EDIT music/views/albumscover.html: 0
[2015-11-21 19:09:46] EDIT music/views/albumscover.html: 0
[2015-11-21 19:10:08] EDIT music/views/albumscover.html: 0
[2015-11-21 19:10:12] EDIT music/views/albumscover.html: 0
[2015-11-21 19:30:33] EDIT music/views/albumscover.html: 0
[2015-11-21 19:30:40] EDIT music/views/albumscover.html: 0
[2015-11-21 19:32:16] EDIT music/views/albumscover.html: 0
[2015-11-21 19:34:49] EDIT music/views/albumscover.html: 0
[2015-11-22 00:03:36] EDIT music/views/albumscover.html: 0
[2015-11-22 00:08:32] EDIT music/views/albumscover.html: 0
[2015-11-22 00:08:54] EDIT music/views/albumscover.html: 0
[2015-11-22 00:10:10] EDIT music/views/albumscover.html: 0
[2015-11-22 00:11:55] EDIT music/views/albumscover.html: 0
[2015-11-22 00:12:07] EDIT music/views/albumscover.html: 0
[2015-11-22 00:33:58] EDIT music/controllers/default.py: 24
[2015-11-22 00:35:41] EDIT music/views/albumscover.html: 0
[2015-11-22 00:38:16] EDIT music/views/albumscover.html: 4
[2015-11-22 00:40:08] EDIT music/controllers/default.py: 4
[2015-11-22 00:40:20] EDIT music/controllers/default.py: 0
[2015-11-22 00:40:21] EDIT music/controllers/default.py: 0
[2015-11-22 00:40:32] EDIT music/controllers/default.py: 0
[2015-11-22 00:42:29] EDIT music/controllers/default.py: 44
[2015-11-22 00:54:34] EDIT music/views/albumsheader.html: 0
[2015-11-22 00:54:42] EDIT music/views/albumsheader.html: 0
[2015-11-22 00:57:44] EDIT music/views/albumscover.html: 0
[2015-11-22 00:57:53] EDIT music/views/albumscover.html: 0
[2015-11-22 00:58:23] EDIT music/views/albumscover.html: 0
[2015-11-22 00:58:31] EDIT music/views/albumscover.html: 0
[2015-11-22 00:58:56] EDIT music/views/albumscover.html: 0
[2015-11-22 00:59:03] EDIT music/views/albumscover.html: 0
[2015-11-22 01:07:03] EDIT music/controllers/default.py: 0
[2015-11-22 01:07:13] CREATE default/artists.html: 0
[2015-11-22 01:07:21] EDIT music/views/default/artists.html: -2
[2015-11-22 01:09:12] CREATE artistsheader.html: 0
[2015-11-22 01:09:31] EDIT music/views/artistsheader.html: 26
[2015-11-22 01:09:43] EDIT music/views/default/artists.html: 0
[2015-11-22 01:10:22] EDIT music/views/artistsheader.html: 0
[2015-11-22 01:12:48] EDIT music/views/navbar.html: 18
[2015-11-22 01:12:56] EDIT music/views/navbar.html: 0
[2015-11-22 01:13:25] EDIT music/views/navbar.html: 0
[2015-11-22 01:13:45] EDIT music/views/navbar.html: -2
[2015-11-22 01:13:55] EDIT music/views/navbar.html: -16
[2015-11-22 01:15:49] EDIT music/controllers/default.py: 50
[2015-11-22 01:16:06] EDIT music/controllers/default.py: 50
[2015-11-22 01:17:40] EDIT music/controllers/default.py: -100
[2015-11-22 01:18:37] CREATE artistscover.html: 0
[2015-11-22 01:18:41] EDIT music/views/artistscover.html: 16
[2015-11-22 01:18:58] EDIT music/views/artistscover.html: 0
[2015-11-22 01:19:09] EDIT music/views/default/artists.html: 1
[2015-11-22 01:19:44] EDIT music/views/artistscover.html: -7
[2015-11-22 01:19:52] EDIT music/views/artistscover.html: 7
[2015-11-22 01:20:02] EDIT music/controllers/default.py: 1
[2015-11-22 01:20:50] CREATE artists.html: 0
[2015-11-22 01:21:09] EDIT music/views/artists.html: -1
[2015-11-22 01:21:17] EDIT music/views/default/artists.html: -1
[2015-11-22 01:24:44] EDIT music/views/artistscover.html: 8
[2015-11-22 01:25:24] EDIT music/views/artistscover.html: 1
[2015-11-22 01:25:29] EDIT music/views/artistscover.html: -1
[2015-11-22 01:26:13] EDIT music/views/artistscover.html: 4
[2015-11-22 01:26:17] EDIT music/views/artistscover.html: -4
[2015-11-22 01:31:09] EDIT music/views/artistscover.html: 1
[2015-11-22 01:31:35] EDIT music/views/artistscover.html: -9
[2015-11-22 01:36:45] EDIT music/views/navbar.html: 0
[2015-11-22 01:36:54] EDIT music/views/navbar.html: 0
[2015-11-22 01:37:51] EDIT music/views/navbar.html: 0
[2015-11-22 01:46:10] EDIT music/views/artistscover.html: 0
[2015-11-22 01:46:19] EDIT music/views/artistscover.html: 0
[2015-11-22 16:01:59] EDIT music/views/artistscover.html: -1
[2015-11-22 16:03:55] EDIT music/views/artistscover.html: 0
[2015-11-22 16:04:09] EDIT music/views/artistscover.html: 0
[2015-11-22 16:50:11] EDIT music/controllers/default.py: 2
[2015-11-22 16:50:20] CREATE default/playlist.html: 0
[2015-11-22 16:50:41] EDIT music/views/artistscover.html: 0
[2015-11-22 16:50:46] EDIT music/views/albumscover.html: 0
[2015-11-22 16:51:29] EDIT music/views/default/playlist.html: -2
[2015-11-22 16:51:59] CREATE playlistheader.html: 0
[2015-11-22 16:52:23] CREATE playlist.html: 0
[2015-11-22 16:52:27] EDIT music/views/playlist.html: -1
[2015-11-22 16:52:54] EDIT music/views/playlist.html: -1
[2015-11-22 16:53:21] EDIT music/views/playlistheader.html: 26
[2015-11-22 16:54:12] EDIT music/views/default/playlist.html: 0
[2015-11-22 17:02:12] EDIT music/controllers/default.py: 7
[2015-11-22 17:02:27] CREATE default/genres.html: 0
[2015-11-22 17:02:31] CREATE genres.html: 0
[2015-11-22 17:02:35] CREATE genresheader.html: 0
[2015-11-22 17:02:55] CREATE genrescover.html: 0
[2015-11-22 17:03:11] EDIT music/views/default/genres.html: -2
[2015-11-22 17:03:54] EDIT music/views/genres.html: -1
[2015-11-22 17:04:17] EDIT music/views/genresheader.html: 26
[2015-11-22 17:04:55] EDIT music/views/genrescover.html: 15
[2015-11-22 17:07:17] EDIT music/views/genrescover.html: -5
[2015-11-22 17:08:29] EDIT music/controllers/default.py: 1
[2015-11-22 17:09:02] EDIT music/views/genrescover.html: 1
[2015-11-22 17:42:14] EDIT music/views/genrescover.html: 0
[2015-11-22 17:42:27] EDIT music/views/genrescover.html: 0
[2015-11-22 17:43:15] EDIT music/views/genrescover.html: 0
[2015-11-22 17:43:28] EDIT music/views/genrescover.html: 0
[2015-11-22 19:48:39] EDIT music/views/genrescover.html: 0
[2015-11-22 19:48:47] EDIT music/views/genrescover.html: 0
[2015-11-22 19:49:20] EDIT music/views/genrescover.html: 0
[2015-11-22 19:49:42] EDIT music/views/genrescover.html: 0
[2015-11-22 19:49:52] EDIT music/views/genrescover.html: 0
[2015-11-22 20:29:43] EDIT music/controllers/default.py: -1
[2015-11-22 20:35:41] CREATE playlistcover.html: 0
[2015-11-22 20:36:11] EDIT music/views/playlistheader.html: 6
[2015-11-22 20:37:03] EDIT music/views/playlistcover.html: 16
[2015-11-22 20:37:12] EDIT music/views/playlist.html: 1
[2015-11-22 20:44:51] EDIT music/views/playlistheader.html: -1
[2015-11-22 20:46:54] EDIT music/views/playlistheader.html: 15
[2015-11-22 20:47:01] EDIT music/views/playlist.html: -1
[2015-11-22 20:50:38] EDIT music/views/playlistheader.html: 0
[2015-11-22 20:51:41] EDIT music/views/playlistheader.html: -2
[2015-11-22 20:53:28] EDIT music/views/playlistheader.html: 0
[2015-11-22 21:26:54] EDIT music/views/playlistheader.html: 0
[2015-11-22 21:33:29] EDIT music/views/playlistheader.html: -1
[2015-11-22 21:34:33] EDIT music/views/playlistheader.html: 4
[2015-11-22 21:34:38] EDIT music/views/playlistheader.html: 0
[2015-11-22 21:36:06] EDIT music/controllers/default.py: 12
[2015-11-22 21:36:38] EDIT music/views/playlistheader.html: 2
[2015-11-22 21:36:43] EDIT music/views/playlistheader.html: -3
[2015-11-22 21:37:46] EDIT music/views/playlistheader.html: -2
[2015-11-22 21:38:07] EDIT music/controllers/default.py: -1
[2015-11-22 21:38:08] EDIT music/controllers/default.py: 0
[2015-11-22 21:38:30] EDIT music/controllers/default.py: 1
[2015-11-22 21:38:49] EDIT music/controllers/default.py: -12
[2015-11-22 21:39:21] EDIT music/views/playlistheader.html: 3
[2015-11-22 21:39:33] EDIT music/views/playlistheader.html: 1
[2015-11-22 21:39:46] EDIT music/views/playlistheader.html: 0
[2015-11-22 21:39:58] EDIT music/views/playlistheader.html: 0
[2015-11-22 21:40:14] EDIT music/views/playlistheader.html: -1
[2015-11-22 21:47:39] EDIT music/controllers/default.py: 11
[2015-11-22 21:48:00] EDIT music/controllers/default.py: 1
[2015-11-22 21:48:32] EDIT music/views/playlistheader.html: 0
[2015-11-22 21:50:25] EDIT music/views/playlistheader.html: 1
[2015-11-22 21:50:47] EDIT music/views/playlistheader.html: 0
[2015-11-22 21:53:26] EDIT music/views/playlistheader.html: 0
[2015-11-22 21:55:37] EDIT music/views/playlistheader.html: 0
[2015-11-22 21:56:27] EDIT music/views/playlistheader.html: 0
[2015-11-22 21:56:42] EDIT music/controllers/default.py: -12
[2015-11-22 21:57:39] EDIT music/views/playlistheader.html: 12
[2015-11-22 21:58:16] EDIT music/views/playlistheader.html: 0
[2015-11-22 21:59:13] EDIT music/views/playlistheader.html: 0
[2015-11-22 21:59:30] EDIT music/views/playlistheader.html: 0
[2015-11-22 21:59:44] EDIT music/views/playlistheader.html: -1
[2015-11-22 22:00:29] EDIT music/views/playlistheader.html: 1
[2015-11-22 22:00:50] EDIT music/views/playlistheader.html: 0
[2015-11-22 22:01:35] EDIT music/views/playlistheader.html: 0
[2015-11-22 22:03:43] EDIT music/views/playlistheader.html: 0
[2015-11-22 22:04:12] EDIT music/views/playlistheader.html: 0
[2015-11-22 22:04:25] EDIT music/views/playlistheader.html: 0
[2015-11-22 22:04:42] EDIT music/views/playlistheader.html: -1
[2015-11-22 22:04:50] EDIT music/views/playlistheader.html: 1
[2015-11-22 22:06:45] EDIT music/controllers/default.py: 13
[2015-11-22 22:07:33] EDIT music/controllers/default.py: 0
[2015-11-22 22:07:35] EDIT music/controllers/default.py: 0
[2015-11-22 22:08:11] EDIT music/controllers/default.py: 0
[2015-11-22 22:08:13] EDIT music/controllers/default.py: 0
[2015-11-22 22:08:33] EDIT music/controllers/default.py: -5
[2015-11-22 22:08:34] EDIT music/controllers/default.py: 0
[2015-11-22 22:08:40] EDIT music/controllers/default.py: 5
[2015-11-22 22:09:12] EDIT music/controllers/default.py: -10
[2015-11-22 22:09:18] EDIT music/controllers/default.py: 1
[2015-11-22 22:09:23] EDIT music/controllers/default.py: 8
[2015-11-22 22:09:26] EDIT music/controllers/default.py: 0
[2015-11-22 22:10:16] EDIT music/views/playlistheader.html: -11
[2015-11-22 22:10:37] EDIT music/controllers/default.py: -8
[2015-11-22 22:11:27] EDIT music/views/playlistheader.html: 0
[2015-11-22 22:11:52] EDIT music/views/playlistheader.html: -1
[2015-11-22 22:12:03] EDIT music/controllers/default.py: -4
[2015-11-22 22:14:02] EDIT music/views/playlistheader.html: 12
[2015-11-22 22:15:17] EDIT music/views/playlistheader.html: -12
[2015-11-22 22:15:29] EDIT music/views/playlistheader.html: 0
[2015-11-22 22:15:48] EDIT music/views/playlistheader.html: 0
[2015-11-22 22:15:57] EDIT music/views/playlistheader.html: 0
[2015-11-22 22:25:04] EDIT music/views/playlistheader.html: 0
[2015-11-22 22:25:09] EDIT music/views/playlistheader.html: 0
[2015-11-22 22:26:56] EDIT music/views/playlistheader.html: 0
[2015-11-22 22:58:40] EDIT music/controllers/default.py: 0
[2015-11-22 23:00:16] EDIT music/views/albumscover.html: 0
[2015-11-22 23:40:31] EDIT music/views/playlistheader.html: 0
[2015-11-22 23:40:50] EDIT music/views/playlistheader.html: -1
[2015-11-22 23:41:42] EDIT music/views/playlistheader.html: 0
[2015-11-22 23:43:30] EDIT music/controllers/default.py: 0
[2015-11-22 23:43:39] EDIT music/controllers/default.py: 0
[2015-11-22 23:43:42] EDIT music/controllers/default.py: 0
[2015-11-22 23:43:47] EDIT music/controllers/default.py: 0
[2015-11-22 23:44:24] EDIT music/controllers/default.py: 0
[2015-11-22 23:44:55] EDIT music/controllers/default.py: 0
[2015-11-22 23:45:25] EDIT music/controllers/default.py: 0
[2015-11-22 23:45:50] EDIT music/controllers/default.py: 0
[2015-11-22 23:45:54] EDIT music/controllers/default.py: 0
[2015-11-22 23:48:47] EDIT music/controllers/default.py: 0
[2015-11-22 23:49:08] EDIT music/controllers/default.py: 0
[2015-11-23 00:34:16] CREATE about.html: 0
[2015-11-23 00:34:26] CREATE default/about.html: 0
[2015-11-23 00:34:56] EDIT music/views/about.html: 26
[2015-11-23 00:35:01] EDIT music/views/default/about.html: -2
[2015-11-23 00:35:15] EDIT music/controllers/default.py: 0
[2015-11-23 00:35:30] EDIT music/views/about.html: 0
[2015-11-23 00:37:57] EDIT music/views/about.html: 7
[2015-11-23 00:38:26] EDIT music/views/about.html: 0
[2015-11-23 00:38:45] EDIT music/views/about.html: 0
[2015-11-23 00:39:16] EDIT music/views/about.html: 1
[2015-11-23 00:39:41] EDIT music/views/about.html: 0
[2015-11-23 00:40:06] EDIT music/views/about.html: 0
[2015-11-23 00:40:13] EDIT music/views/about.html: 0
[2015-11-23 00:40:38] EDIT music/views/about.html: -2
[2015-11-23 00:40:52] EDIT music/views/about.html: 0
[2015-11-23 00:41:41] EDIT music/views/about.html: 1
[2015-11-23 00:41:59] EDIT music/views/about.html: 0
[2015-11-23 00:42:17] EDIT music/views/about.html: 0
[2015-11-23 00:42:35] EDIT music/views/about.html: 0
[2015-11-23 00:43:15] EDIT music/views/about.html: 0
[2015-11-23 00:43:36] EDIT music/views/about.html: -1
[2015-11-23 00:43:44] EDIT music/views/about.html: 0
[2015-11-23 00:44:25] EDIT music/views/about.html: 0
[2015-11-23 00:44:41] EDIT music/views/about.html: 0
[2015-11-23 00:44:56] EDIT music/views/about.html: 0
[2015-11-23 00:45:30] EDIT music/views/about.html: 0
[2015-11-23 00:45:40] EDIT music/views/about.html: 0
[2015-11-23 00:45:45] EDIT music/views/about.html: 0
[2015-11-23 00:46:18] EDIT music/views/about.html: 0
[2015-11-23 00:47:01] EDIT music/views/artistscover.html: 0
[2015-11-23 00:47:12] EDIT music/views/artistscover.html: 0
[2015-11-23 00:47:52] EDIT music/views/about.html: 1
[2015-11-23 00:48:14] EDIT music/views/about.html: -1
[2015-11-23 00:48:32] EDIT music/views/about.html: 1
[2015-11-23 00:49:38] EDIT music/views/about.html: 0
[2015-11-23 00:49:50] EDIT music/views/about.html: 0
[2015-11-23 00:49:56] EDIT music/views/about.html: 0
[2015-11-23 00:50:33] EDIT music/views/about.html: 0
[2015-11-23 00:50:57] EDIT music/views/about.html: -3
[2015-11-23 00:51:52] EDIT music/views/about.html: 0
[2015-11-23 00:52:21] EDIT music/views/about.html: 0
[2015-11-23 00:52:31] EDIT music/views/about.html: 0
[2015-11-23 00:53:53] EDIT music/views/about.html: 0
[2015-11-23 00:54:01] EDIT music/views/about.html: 0
[2015-11-23 00:54:11] EDIT music/views/about.html: 0
[2015-11-23 00:54:50] EDIT music/views/about.html: 0
[2015-11-23 00:55:16] EDIT music/views/about.html: 0
[2015-11-23 00:55:25] EDIT music/views/about.html: 0
[2015-11-23 00:56:17] EDIT music/controllers/default.py: 0
[2015-11-23 00:56:22] CREATE default/contact.html: 0
[2015-11-23 00:56:34] CREATE contact.html: 0
[2015-11-23 00:56:44] EDIT music/views/default/contact.html: -2
[2015-11-23 00:57:08] EDIT music/views/default/about.html: 32
[2015-11-23 00:58:52] EDIT music/views/default/contact.html: 28
[2015-11-23 00:59:15] EDIT music/views/layout.html: -1
[2015-11-23 00:59:47] EDIT music/views/default/contact.html: 0
[2015-11-23 01:00:05] EDIT music/views/default/contact.html: 0
[2015-11-23 01:09:34] EDIT music/views/default/contact.html: 50
[2015-11-23 01:18:38] EDIT music/views/default/contact.html: -50
[2015-11-23 01:18:49] EDIT music/views/default/contact.html: 0
[2015-11-23 17:05:37] EDIT music/views/default/contact.html: 34
[2015-11-23 17:07:48] EDIT music/views/default/contact.html: 0
[2015-11-23 17:09:31] EDIT music/views/default/contact.html: 4
[2015-11-23 17:09:58] EDIT music/views/default/contact.html: -2
[2015-11-23 18:35:27] EDIT music/views/albumsheader.html: 2
[2015-11-23 18:35:38] EDIT music/views/albumscover.html: 0
[2015-11-23 18:35:54] EDIT music/views/albumscover.html: 0
[2015-11-23 18:36:26] EDIT music/views/albumscover.html: 1
[2015-11-23 18:36:43] EDIT music/views/albumscover.html: -1
[2015-11-23 18:37:01] EDIT music/views/albumsheader.html: -3
[2015-11-23 18:37:42] EDIT music/views/artistscover.html: 0
[2015-11-23 18:37:50] EDIT music/views/albumscover.html: 0
[2015-11-23 18:37:57] EDIT music/views/albumscover.html: 0
[2015-11-23 18:38:01] EDIT music/views/artistscover.html: 0
[2015-11-23 18:38:30] EDIT music/views/artistscover.html: 0
[2015-11-23 18:38:32] EDIT music/views/artistsheader.html: 0
[2015-11-23 18:38:34] EDIT music/views/albumscover.html: 0
[2015-11-23 18:41:10] EDIT music/controllers/default.py: 0
[2015-11-23 18:41:25] CREATE default/alltracks.html: 0
[2015-11-23 18:43:00] EDIT music/views/default/alltracks.html: 27
[2015-11-23 19:04:53] EDIT music/views/default/albums.html: 2
[2015-11-23 19:05:31] EDIT music/views/default/albums.html: -2
[2015-11-23 23:03:59] EDIT music/controllers/default.py: 2
[2015-11-23 23:04:07] CREATE default/popup.html: 0
[2015-11-23 23:07:23] EDIT music/views/default/popup.html: 30
[2015-11-23 23:09:11] EDIT music/views/default/popup.html: 4
[2015-11-23 23:09:42] EDIT music/views/default/popup.html: -1
[2015-11-23 23:12:27] EDIT music/controllers/default.py: 0
[2015-11-23 23:12:49] EDIT music/views/default/popup.html: -23
[2015-11-23 23:13:55] CREATE popup.css: 0
[2015-11-23 23:13:58] EDIT music/views/popup.css: 80
[2015-11-23 23:14:08] EDIT music/views/default/popup.html: 1
[2015-11-23 23:14:40] EDIT music/views/default/popup.html: 0
[2015-11-23 23:14:51] EDIT music/views/default/popup.html: 2
[2015-11-23 23:19:37] EDIT music/views/default/popup.html: -1
[2015-11-23 23:38:44] EDIT music/controllers/default.py: 8
[2015-11-23 23:39:10] EDIT music/controllers/default.py: 5
[2015-11-23 23:39:56] EDIT music/controllers/default.py: 9
[2015-11-23 23:42:41] EDIT music/controllers/default.py: 10
[2015-11-23 23:45:01] EDIT music/controllers/default.py: 3
[2015-11-23 23:45:53] EDIT music/controllers/default.py: 5
[2015-11-23 23:48:22] EDIT music/controllers/default.py: 0
[2015-11-23 23:48:42] CREATE default/album.html: 0
[2015-11-23 23:48:46] EDIT music/views/default/album.html: -2
[2015-11-24 00:06:45] EDIT music/controllers/default.py: 0
[2015-11-24 00:07:21] EDIT music/controllers/default.py: 0
[2015-11-24 00:07:45] EDIT music/controllers/default.py: 0
[2015-11-24 00:08:46] EDIT music/controllers/default.py: 0
[2015-11-24 00:08:56] EDIT music/controllers/default.py: 0
[2015-11-24 00:14:04] EDIT music/controllers/default.py: 10
[2015-11-24 00:27:30] CREATE album.html: 0
[2015-11-24 00:27:32] EDIT music/views/album.html: 48
[2015-11-24 00:27:39] EDIT music/views/default/album.html: 0
[2015-11-24 01:31:38] EDIT music/controllers/default.py: -1
[2015-11-24 01:32:25] EDIT music/controllers/default.py: 1
[2015-11-24 01:32:47] EDIT music/controllers/default.py: -2
[2015-11-24 01:33:12] EDIT music/controllers/default.py: 0
[2015-11-24 01:33:13] EDIT music/controllers/default.py: 0
[2015-11-24 01:33:13] EDIT music/controllers/default.py: 0
[2015-11-24 01:33:17] EDIT music/controllers/default.py: 0
[2015-11-24 01:33:19] EDIT music/controllers/default.py: 0
[2015-11-24 01:33:31] EDIT music/controllers/default.py: 0
[2015-11-24 01:34:18] EDIT music/controllers/default.py: 0
[2015-11-24 01:34:27] EDIT music/views/default/alltracks.html: 0
[2015-11-24 01:35:23] EDIT music/views/default/alltracks.html: 0
[2015-11-24 02:17:58] EDIT music/controllers/default.py: 0
[2015-11-24 15:44:17] EDIT music/views/artistscover.html: 0
[2015-11-24 15:44:34] EDIT music/views/artistscover.html: -1
[2015-11-24 15:44:49] EDIT music/views/artistscover.html: 1
[2015-11-24 15:47:17] EDIT music/views/artistscover.html: 0
[2015-11-24 15:51:50] EDIT music/views/albumsheader.html: -13
[2015-11-24 15:52:01] EDIT music/views/albumsheader.html: 13
[2015-11-24 15:52:08] EDIT music/views/albumsheader.html: -13
[2015-11-24 15:52:25] EDIT music/views/albumsheader.html: 13
[2015-11-24 15:53:08] EDIT music/views/albumsheader.html: 0
[2015-11-24 15:56:22] CREATE templateheader.html: 0
[2015-11-24 15:56:54] EDIT music/views/templateheader.html: 23
[2015-11-24 15:57:25] EDIT music/views/albums.html: 20
[2015-11-24 15:58:39] EDIT music/views/artists.html: 17
[2015-11-24 15:59:09] EDIT music/views/genres.html: 13
[2015-11-24 16:04:50] EDIT music/controllers/default.py: 0
[2015-11-24 16:05:50] EDIT music/views/default/about.html: -24
[2015-11-24 16:07:09] EDIT music/views/default/about.html: 0
[2015-11-24 16:07:35] EDIT music/views/default/about.html: 0
[2015-11-24 16:08:36] EDIT music/views/default/about.html: 0
[2015-11-24 16:09:14] EDIT music/views/default/about.html: 24
[2015-11-24 16:09:43] EDIT music/views/default/contact.html: -27
[2015-11-24 16:10:15] EDIT music/views/default/contact.html: 0
[2015-11-24 16:11:36] EDIT music/controllers/default.py: -2
[2015-11-24 16:15:48] EDIT music/views/default/contact.html: 0
[2015-11-24 16:16:59] EDIT music/views/default/contact.html: -1
[2015-11-24 16:22:53] EDIT music/views/default/contact.html: 2
[2015-11-24 16:22:58] EDIT music/views/default/contact.html: -2
[2015-11-24 16:25:55] EDIT music/views/default/contact.html: 25
[2015-11-24 16:26:04] EDIT music/views/default/contact.html: -25
[2015-11-24 16:26:21] EDIT music/views/default/contact.html: 25
[2015-11-24 16:27:42] EDIT music/views/default/contact.html: -23
[2015-11-24 16:28:29] EDIT music/views/default/contact.html: -2
[2015-11-24 16:30:02] EDIT music/views/default/contact.html: 1
[2015-11-24 16:32:20] EDIT music/views/default/contact.html: 26
[2015-11-24 17:34:12] CREATE default/play.html: 0
[2015-11-24 17:34:21] EDIT music/views/default/play.html: 20
[2015-11-24 17:35:01] EDIT music/views/default/play.html: 0
[2015-11-24 17:35:19] EDIT music/views/default/contact.html: 0
[2015-11-24 17:35:43] CREATE contact.html: 0
[2015-11-24 17:35:57] EDIT music/views/default/contact.html: -39
[2015-11-24 17:36:11] EDIT music/views/contact.html: 37
[2015-11-24 17:36:55] EDIT music/views/default/contact.html: 39
[2015-11-24 17:37:15] EDIT music/views/default/contact.html: 0
[2015-11-24 17:39:27] EDIT music/views/default/play.html: 25
[2015-11-24 17:41:37] EDIT music/views/default/play.html: 2
[2015-11-24 17:42:59] EDIT music/views/default/play.html: -27
[2015-11-24 17:44:12] CREATE contact.html: 0
[2015-11-24 17:44:43] EDIT music/views/contact.html: 37
[2015-11-24 17:44:46] EDIT music/views/default/contact.html: -39
[2015-11-24 17:44:56] EDIT music/views/default/contact.html: 39
[2015-11-24 17:53:27] EDIT music/views/genres.html: 0
[2015-11-24 17:54:21] EDIT music/views/genres.html: 0
[2015-11-24 17:56:02] EDIT music/views/genres.html: 0
[2015-11-24 17:57:37] EDIT music/views/templateheader.html: 0
[2015-11-24 17:57:54] EDIT music/views/header.html: 0
[2015-11-24 18:03:02] EDIT music/views/artists.html: 0
[2015-11-24 18:03:19] EDIT music/views/albums.html: 0
[2015-11-24 18:07:15] EDIT music/views/default/play.html: 0
[2015-11-24 18:07:35] EDIT music/views/default/play.html: 0
[2015-11-24 18:09:59] EDIT music/views/default/play.html: 0
[2015-11-24 18:11:00] EDIT music/views/albums.html: 0
[2015-11-24 18:13:10] EDIT music/controllers/default.py: 0
[2015-11-24 18:13:44] EDIT music/views/default/alltracks.html: -16
[2015-11-24 18:16:56] EDIT music/controllers/default.py: 0
[2015-11-24 18:17:35] EDIT music/views/default/contact.html: 0
[2015-11-24 18:18:01] EDIT music/views/default/contact.html: 0
[2015-11-24 18:18:08] EDIT music/views/default/contact.html: 0
[2015-11-24 18:19:09] EDIT music/views/default/play.html: 0
[2015-11-24 18:35:17] EDIT music/views/templateheader.html: 1
[2015-11-24 18:36:01] EDIT music/views/default/artists.html: 16
[2015-11-24 18:36:16] EDIT music/views/albums.html: -2
[2015-11-24 18:36:27] EDIT music/views/default/albums.html: 19
[2015-11-24 18:37:18] EDIT music/views/default/genres.html: 14
[2015-11-24 18:39:05] EDIT music/views/templateheader.html: -1
[2015-11-24 18:39:26] EDIT music/views/default/genres.html: 0
[2015-11-24 18:39:30] EDIT music/views/default/artists.html: 1
[2015-11-24 18:39:34] EDIT music/views/default/albums.html: 1
[2015-11-24 18:43:17] EDIT music/views/default/contact.html: 2
[2015-11-24 19:55:28] EDIT music/controllers/default.py: 1
[2015-11-24 19:55:39] EDIT music/controllers/default.py: 0
[2015-11-24 19:55:47] EDIT music/controllers/default.py: 0
[2015-11-24 19:55:59] EDIT music/controllers/default.py: 0
[2015-11-24 19:56:22] EDIT music/controllers/default.py: 0
[2015-11-24 19:56:50] EDIT music/views/default/play.html: 3
[2015-11-24 19:57:14] EDIT music/controllers/default.py: 0
[2015-11-24 19:59:05] EDIT music/controllers/default.py: 4
[2015-11-24 19:59:26] EDIT music/controllers/default.py: 1
[2015-11-24 20:00:15] EDIT music/controllers/default.py: 2
[2015-11-24 20:00:42] EDIT music/controllers/default.py: 0
[2015-11-24 20:01:17] EDIT music/controllers/default.py: 1
[2015-11-24 20:01:37] EDIT music/controllers/default.py: 1
[2015-11-24 20:02:22] EDIT music/views/default/play.html: 1
[2015-11-24 20:02:52] EDIT music/views/default/play.html: 0
[2015-11-24 20:03:08] EDIT music/views/default/play.html: 0
[2015-11-24 20:03:24] EDIT music/views/default/play.html: 1
[2015-11-24 20:04:06] EDIT music/views/default/play.html: -22
[2015-11-24 20:04:08] EDIT music/views/default/play.html: 0
[2015-11-24 20:17:16] EDIT music/views/default/play.html: 0
[2015-11-24 20:34:26] CREATE default/album.html: 0
[2015-11-24 20:34:33] CREATE default/artist.html: 0
[2015-11-24 20:34:37] CREATE default/genre.html: 0
[2015-11-24 20:35:46] EDIT music/views/default/album.html: 3
[2015-11-24 20:36:08] EDIT music/views/default/artist.html: 3
[2015-11-24 20:36:15] EDIT music/views/default/genre.html: 3
[2015-11-24 20:38:52] EDIT music/views/default/artist.html: 0
[2015-12-02 00:17:40] EDIT music/views/appadmin.html: -1
[2015-12-02 00:18:37] EDIT music/views/appadmin.html: 1
[2015-12-02 00:18:52] EDIT music/views/appadmin.html: 0
[2015-12-02 00:19:15] EDIT music/views/appadmin.html: 0
[2015-12-02 00:20:21] CREATE originallayout.html: 0
[2015-12-02 00:20:25] EDIT music/views/originallayout.html: 125
[2015-12-02 00:20:35] EDIT music/views/appadmin.html: 0
[2015-12-11 23:30:18] EDIT music/views/header.html: 3
[2015-12-11 23:31:12] EDIT music/views/header.html: 0
[2015-12-11 23:31:13] EDIT music/views/header.html: 0
